# JRE version: OpenJDK Runtime Environment (17.0.10) (build 17.0.10+0--11609105)
# Java VM: OpenJDK 64-Bit Server VM (17.0.10+0--11609105, mixed mode, tiered, compressed oops, compressed class ptrs, g1 gc, windows-amd64)
GC Precious Log:
 CPUs: 8 total, 8 available
 Memory: 16106M
 Large Page Support: Disabled
 NUMA Support: Disabled
 Compressed Oops: Enabled (32-bit)
 Heap Region Size: 1M
 Heap Min Capacity: 8M
 Heap Initial Capacity: 252M
 Heap Max Capacity: 2G
 Pre-touch: Disabled
 Parallel Workers: 8
 Concurrent Workers: 2
 Concurrent Refinement Workers: 8
 Periodic GC: Disabled
Heap:
 garbage-first heap   total 379904K, used 189850K [0x0000000080000000, 0x0000000100000000)
  region size 1024K, 5 young (5120K), 5 survivors (5120K)
 Metaspace       used 129469K, committed 130240K, reserved 1179648K
  class space    used 18044K, committed 18432K, reserved 1048576K
GC Heap History (20 events):
Event: 13.757 GC heap after
{Heap after GC invocations=43 (full 0):
 garbage-first heap   total 379904K, used 141729K [0x0000000080000000, 0x0000000100000000)
  region size 1024K, 8 young (8192K), 8 survivors (8192K)
 Metaspace       used 117820K, committed 118592K, reserved 1179648K
  class space    used 16264K, committed 16640K, reserved 1048576K
}
Event: 14.164 GC heap before
{Heap before GC invocations=43 (full 0):
 garbage-first heap   total 379904K, used 292257K [0x0000000080000000, 0x0000000100000000)
  region size 1024K, 155 young (158720K), 8 survivors (8192K)
 Metaspace       used 121616K, committed 122368K, reserved 1179648K
  class space    used 16976K, committed 17344K, reserved 1048576K
}
Event: 14.192 GC heap after
{Heap after GC invocations=44 (full 0):
 garbage-first heap   total 379904K, used 166979K [0x0000000080000000, 0x0000000100000000)
  region size 1024K, 20 young (20480K), 20 survivors (20480K)
 Metaspace       used 121616K, committed 122368K, reserved 1179648K
  class space    used 16976K, committed 17344K, reserved 1048576K
}
Event: 14.591 GC heap before
{Heap before GC invocations=44 (full 0):
 garbage-first heap   total 379904K, used 287811K [0x0000000080000000, 0x0000000100000000)
  region size 1024K, 138 young (141312K), 20 survivors (20480K)
 Metaspace       used 125364K, committed 126208K, reserved 1179648K
  class space    used 17653K, committed 18048K, reserved 1048576K
}
Event: 14.617 GC heap after
{Heap after GC invocations=45 (full 0):
 garbage-first heap   total 379904K, used 185902K [0x0000000080000000, 0x0000000100000000)
  region size 1024K, 18 young (18432K), 18 survivors (18432K)
 Metaspace       used 125364K, committed 126208K, reserved 1179648K
  class space    used 17653K, committed 18048K, reserved 1048576K
}
Event: 15.128 GC heap before
{Heap before GC invocations=45 (full 0):
 garbage-first heap   total 379904K, used 294446K [0x0000000080000000, 0x0000000100000000)
  region size 1024K, 125 young (128000K), 18 survivors (18432K)
 Metaspace       used 126252K, committed 127040K, reserved 1179648K
  class space    used 17746K, committed 18112K, reserved 1048576K
}
Event: 15.142 GC heap after
{Heap after GC invocations=46 (full 0):
 garbage-first heap   total 379904K, used 187970K [0x0000000080000000, 0x0000000100000000)
  region size 1024K, 3 young (3072K), 3 survivors (3072K)
 Metaspace       used 126252K, committed 127040K, reserved 1179648K
  class space    used 17746K, committed 18112K, reserved 1048576K
}
Event: 15.602 GC heap before
{Heap before GC invocations=46 (full 0):
 garbage-first heap   total 379904K, used 303682K [0x0000000080000000, 0x0000000100000000)
  region size 1024K, 116 young (118784K), 3 survivors (3072K)
 Metaspace       used 126811K, committed 127616K, reserved 1179648K
  class space    used 17779K, committed 18176K, reserved 1048576K
}
Event: 15.606 GC heap after
{Heap after GC invocations=47 (full 0):
 garbage-first heap   total 379904K, used 187473K [0x0000000080000000, 0x0000000100000000)
  region size 1024K, 3 young (3072K), 3 survivors (3072K)
 Metaspace       used 126811K, committed 127616K, reserved 1179648K
  class space    used 17779K, committed 18176K, reserved 1048576K
}
Event: 15.980 GC heap before
{Heap before GC invocations=47 (full 0):
 garbage-first heap   total 379904K, used 309329K [0x0000000080000000, 0x0000000100000000)
  region size 1024K, 122 young (124928K), 3 survivors (3072K)
 Metaspace       used 126966K, committed 127808K, reserved 1179648K
  class space    used 17789K, committed 18176K, reserved 1048576K
}
Event: 15.984 GC heap after
{Heap after GC invocations=48 (full 0):
 garbage-first heap   total 379904K, used 186946K [0x0000000080000000, 0x0000000100000000)
  region size 1024K, 2 young (2048K), 2 survivors (2048K)
 Metaspace       used 126966K, committed 127808K, reserved 1179648K
  class space    used 17789K, committed 18176K, reserved 1048576K
}
Event: 16.353 GC heap before
{Heap before GC invocations=48 (full 0):
 garbage-first heap   total 379904K, used 314946K [0x0000000080000000, 0x0000000100000000)
  region size 1024K, 127 young (130048K), 2 survivors (2048K)
 Metaspace       used 127262K, committed 128064K, reserved 1179648K
  class space    used 17793K, committed 18176K, reserved 1048576K
}
Event: 16.358 GC heap after
{Heap after GC invocations=49 (full 0):
 garbage-first heap   total 379904K, used 188175K [0x0000000080000000, 0x0000000100000000)
  region size 1024K, 4 young (4096K), 4 survivors (4096K)
 Metaspace       used 127262K, committed 128064K, reserved 1179648K
  class space    used 17793K, committed 18176K, reserved 1048576K
}
Event: 16.648 GC heap before
{Heap before GC invocations=49 (full 0):
 garbage-first heap   total 379904K, used 318223K [0x0000000080000000, 0x0000000100000000)
  region size 1024K, 131 young (134144K), 4 survivors (4096K)
 Metaspace       used 128364K, committed 129152K, reserved 1179648K
  class space    used 17928K, committed 18304K, reserved 1048576K
}
Event: 16.654 GC heap after
{Heap after GC invocations=50 (full 0):
 garbage-first heap   total 379904K, used 187874K [0x0000000080000000, 0x0000000100000000)
  region size 1024K, 3 young (3072K), 3 survivors (3072K)
 Metaspace       used 128364K, committed 129152K, reserved 1179648K
  class space    used 17928K, committed 18304K, reserved 1048576K
}
Event: 16.918 GC heap before
{Heap before GC invocations=50 (full 0):
 garbage-first heap   total 379904K, used 320994K [0x0000000080000000, 0x0000000100000000)
  region size 1024K, 134 young (137216K), 3 survivors (3072K)
 Metaspace       used 129038K, committed 129856K, reserved 1179648K
  class space    used 17994K, committed 18368K, reserved 1048576K
}
Event: 16.924 GC heap after
{Heap after GC invocations=51 (full 0):
 garbage-first heap   total 379904K, used 189080K [0x0000000080000000, 0x0000000100000000)
  region size 1024K, 5 young (5120K), 5 survivors (5120K)
 Metaspace       used 129038K, committed 129856K, reserved 1179648K
  class space    used 17994K, committed 18368K, reserved 1048576K
}
Event: 17.145 GC heap before
{Heap before GC invocations=51 (full 0):
 garbage-first heap   total 379904K, used 324248K [0x0000000080000000, 0x0000000100000000)
  region size 1024K, 137 young (140288K), 5 survivors (5120K)
 Metaspace       used 129429K, committed 130240K, reserved 1179648K
  class space    used 18044K, committed 18432K, reserved 1048576K
}
Event: 17.151 GC heap after
{Heap after GC invocations=52 (full 0):
 garbage-first heap   total 379904K, used 189080K [0x0000000080000000, 0x0000000100000000)
  region size 1024K, 5 young (5120K), 5 survivors (5120K)
 Metaspace       used 129429K, committed 130240K, reserved 1179648K
  class space    used 18044K, committed 18432K, reserved 1048576K
}
Event: 17.398 GC heap before
{Heap before GC invocations=52 (full 0):
 garbage-first heap   total 379904K, used 326296K [0x0000000080000000, 0x0000000100000000)
  region size 1024K, 139 young (142336K), 5 survivors (5120K)
 Metaspace       used 129469K, committed 130240K, reserved 1179648K
  class space    used 18044K, committed 18432K, reserved 1048576K
}

